<?xml version="1.0" encoding="UTF-8"?>
<!-- Generated by org.testng.reporters.JUnitReportReporter -->
<testsuite skipped="1" hostname="admin-PC" name="com.demo.Testcases.TC_002_DDT_LoginPage" tests="1" failures="0" timestamp="22 Feb 2020 16:09:58 GMT" time="0.000" errors="0">
  <testcase name="LoginDDT" time="0.000" classname="com.demo.Testcases.TC_002_DDT_LoginPage">
    <skipped/>
  </testcase> <!-- LoginDDT -->
</testsuite> <!-- com.demo.Testcases.TC_002_DDT_LoginPage -->
